# JRE version: OpenJDK Runtime Environment (11.0.11) (build 11.0.11+0-b60-7590822)
# Java VM: OpenJDK 64-Bit Server VM (11.0.11+0-b60-7590822, mixed mode, tiered, compressed oops, g1 gc, linux-amd64)
Heap:
 garbage-first heap   total 280576K, used 114282K [0x0000000080000000, 0x0000000100000000)
  region size 1024K, 8 young (8192K), 1 survivors (1024K)
 Metaspace       used 119535K, capacity 123575K, committed 124020K, reserved 1157120K
  class space    used 15052K, capacity 16577K, committed 16868K, reserved 1048576K
GC Heap History (20 events):
Event: 2084.216 GC heap before
{Heap before GC invocations=95 (full 0):
 garbage-first heap   total 280576K, used 152054K [0x0000000080000000, 0x0000000100000000)
  region size 1024K, 50 young (51200K), 2 survivors (2048K)
 Metaspace       used 118524K, capacity 122497K, committed 123124K, reserved 1155072K
  class space    used 14968K, capacity 16454K, committed 16740K, reserved 1048576K
}
Event: 2084.237 GC heap after
{Heap after GC invocations=96 (full 0):
 garbage-first heap   total 280576K, used 110537K [0x0000000080000000, 0x0000000100000000)
  region size 1024K, 8 young (8192K), 8 survivors (8192K)
 Metaspace       used 118524K, capacity 122497K, committed 123124K, reserved 1155072K
  class space    used 14968K, capacity 16454K, committed 16740K, reserved 1048576K
}
Event: 2174.922 GC heap before
{Heap before GC invocations=97 (full 0):
 garbage-first heap   total 280576K, used 230345K [0x0000000080000000, 0x0000000100000000)
  region size 1024K, 101 young (103424K), 8 survivors (8192K)
 Metaspace       used 118647K, capacity 122574K, committed 123124K, reserved 1155072K
  class space    used 14969K, capacity 16455K, committed 16740K, reserved 1048576K
}
Event: 2174.932 GC heap after
{Heap after GC invocations=98 (full 0):
 garbage-first heap   total 280576K, used 114221K [0x0000000080000000, 0x0000000100000000)
  region size 1024K, 8 young (8192K), 8 survivors (8192K)
 Metaspace       used 118647K, capacity 122574K, committed 123124K, reserved 1155072K
  class space    used 14969K, capacity 16455K, committed 16740K, reserved 1048576K
}
Event: 2174.942 GC heap before
{Heap before GC invocations=98 (full 0):
 garbage-first heap   total 280576K, used 118317K [0x0000000080000000, 0x0000000100000000)
  region size 1024K, 13 young (13312K), 8 survivors (8192K)
 Metaspace       used 118647K, capacity 122574K, committed 123124K, reserved 1155072K
  class space    used 14969K, capacity 16455K, committed 16740K, reserved 1048576K
}
Event: 2174.952 GC heap after
{Heap after GC invocations=99 (full 0):
 garbage-first heap   total 280576K, used 102257K [0x0000000080000000, 0x0000000100000000)
  region size 1024K, 1 young (1024K), 1 survivors (1024K)
 Metaspace       used 118647K, capacity 122574K, committed 123124K, reserved 1155072K
  class space    used 14969K, capacity 16455K, committed 16740K, reserved 1048576K
}
Event: 2175.137 GC heap before
{Heap before GC invocations=99 (full 0):
 garbage-first heap   total 280576K, used 155505K [0x0000000080000000, 0x0000000100000000)
  region size 1024K, 55 young (56320K), 1 survivors (1024K)
 Metaspace       used 118728K, capacity 122641K, committed 123124K, reserved 1155072K
  class space    used 14969K, capacity 16455K, committed 16740K, reserved 1048576K
}
Event: 2175.161 GC heap after
{Heap after GC invocations=100 (full 0):
 garbage-first heap   total 280576K, used 108697K [0x0000000080000000, 0x0000000100000000)
  region size 1024K, 8 young (8192K), 8 survivors (8192K)
 Metaspace       used 118728K, capacity 122641K, committed 123124K, reserved 1155072K
  class space    used 14969K, capacity 16455K, committed 16740K, reserved 1048576K
}
Event: 2364.182 GC heap before
{Heap before GC invocations=101 (full 0):
 garbage-first heap   total 280576K, used 233625K [0x0000000080000000, 0x0000000100000000)
  region size 1024K, 107 young (109568K), 8 survivors (8192K)
 Metaspace       used 118908K, capacity 122862K, committed 123380K, reserved 1157120K
  class space    used 14971K, capacity 16458K, committed 16740K, reserved 1048576K
}
Event: 2364.190 GC heap after
{Heap after GC invocations=102 (full 0):
 garbage-first heap   total 280576K, used 111660K [0x0000000080000000, 0x0000000100000000)
  region size 1024K, 9 young (9216K), 9 survivors (9216K)
 Metaspace       used 118908K, capacity 122862K, committed 123380K, reserved 1157120K
  class space    used 14971K, capacity 16458K, committed 16740K, reserved 1048576K
}
Event: 2364.206 GC heap before
{Heap before GC invocations=102 (full 0):
 garbage-first heap   total 280576K, used 115756K [0x0000000080000000, 0x0000000100000000)
  region size 1024K, 13 young (13312K), 9 survivors (9216K)
 Metaspace       used 118908K, capacity 122862K, committed 123380K, reserved 1157120K
  class space    used 14971K, capacity 16458K, committed 16740K, reserved 1048576K
}
Event: 2364.216 GC heap after
{Heap after GC invocations=103 (full 0):
 garbage-first heap   total 280576K, used 101826K [0x0000000080000000, 0x0000000100000000)
  region size 1024K, 2 young (2048K), 2 survivors (2048K)
 Metaspace       used 118908K, capacity 122862K, committed 123380K, reserved 1157120K
  class space    used 14971K, capacity 16458K, committed 16740K, reserved 1048576K
}
Event: 2364.400 GC heap before
{Heap before GC invocations=103 (full 0):
 garbage-first heap   total 280576K, used 159170K [0x0000000080000000, 0x0000000100000000)
  region size 1024K, 60 young (61440K), 2 survivors (2048K)
 Metaspace       used 118951K, capacity 122862K, committed 123380K, reserved 1157120K
  class space    used 14971K, capacity 16458K, committed 16740K, reserved 1048576K
}
Event: 2364.420 GC heap after
{Heap after GC invocations=104 (full 0):
 garbage-first heap   total 280576K, used 108532K [0x0000000080000000, 0x0000000100000000)
  region size 1024K, 8 young (8192K), 8 survivors (8192K)
 Metaspace       used 118951K, capacity 122862K, committed 123380K, reserved 1157120K
  class space    used 14971K, capacity 16458K, committed 16740K, reserved 1048576K
}
Event: 3573.115 GC heap before
{Heap before GC invocations=105 (full 0):
 garbage-first heap   total 280576K, used 241652K [0x0000000080000000, 0x0000000100000000)
  region size 1024K, 114 young (116736K), 8 survivors (8192K)
 Metaspace       used 119093K, capacity 122997K, committed 123636K, reserved 1157120K
  class space    used 14971K, capacity 16458K, committed 16740K, reserved 1048576K
}
Event: 3573.146 GC heap after
{Heap after GC invocations=106 (full 0):
 garbage-first heap   total 280576K, used 110309K [0x0000000080000000, 0x0000000100000000)
  region size 1024K, 8 young (8192K), 8 survivors (8192K)
 Metaspace       used 119093K, capacity 122997K, committed 123636K, reserved 1157120K
  class space    used 14971K, capacity 16458K, committed 16740K, reserved 1048576K
}
Event: 3756.376 GC heap before
{Heap before GC invocations=106 (full 0):
 garbage-first heap   total 280576K, used 115429K [0x0000000080000000, 0x0000000100000000)
  region size 1024K, 13 young (13312K), 8 survivors (8192K)
 Metaspace       used 119096K, capacity 122997K, committed 123636K, reserved 1157120K
  class space    used 14971K, capacity 16458K, committed 16740K, reserved 1048576K
}
Event: 3756.406 GC heap after
{Heap after GC invocations=107 (full 0):
 garbage-first heap   total 280576K, used 100318K [0x0000000080000000, 0x0000000100000000)
  region size 1024K, 1 young (1024K), 1 survivors (1024K)
 Metaspace       used 119096K, capacity 122997K, committed 123636K, reserved 1157120K
  class space    used 14971K, capacity 16458K, committed 16740K, reserved 1048576K
}
Event: 4616.683 GC heap before
{Heap before GC invocations=107 (full 0):
 garbage-first heap   total 280576K, used 123870K [0x0000000080000000, 0x0000000100000000)
  region size 1024K, 25 young (25600K), 1 survivors (1024K)
 Metaspace       used 119205K, capacity 123154K, committed 123636K, reserved 1157120K
  class space    used 14989K, capacity 16481K, committed 16740K, reserved 1048576K
}
Event: 4616.707 GC heap after
{Heap after GC invocations=108 (full 0):
 garbage-first heap   total 280576K, used 99946K [0x0000000080000000, 0x0000000100000000)
  region size 1024K, 1 young (1024K), 1 survivors (1024K)
 Metaspace       used 119205K, capacity 123154K, committed 123636K, reserved 1157120K
  class space    used 14989K, capacity 16481K, committed 16740K, reserved 1048576K
}

