# JRE version: OpenJDK Runtime Environment (11.0.11) (build 11.0.11+0-b60-7590822)
# Java VM: OpenJDK 64-Bit Server VM (11.0.11+0-b60-7590822, mixed mode, tiered, compressed oops, g1 gc, linux-amd64)
Heap:
 garbage-first heap   total 315392K, used 133376K [0x0000000080000000, 0x0000000100000000)
  region size 1024K, 12 young (12288K), 4 survivors (4096K)
 Metaspace       used 135617K, capacity 140479K, committed 140748K, reserved 1171456K
  class space    used 16535K, capacity 18307K, committed 18432K, reserved 1048576K
GC Heap History (20 events):
Event: 3664.182 GC heap before
{Heap before GC invocations=126 (full 0):
 garbage-first heap   total 315392K, used 284154K [0x0000000080000000, 0x0000000100000000)
  region size 1024K, 137 young (140288K), 3 survivors (3072K)
 Metaspace       used 135142K, capacity 139976K, committed 140108K, reserved 1171456K
  class space    used 16520K, capacity 18282K, committed 18304K, reserved 1048576K
}
Event: 3664.201 GC heap after
{Heap after GC invocations=127 (full 0):
 garbage-first heap   total 315392K, used 125243K [0x0000000080000000, 0x0000000100000000)
  region size 1024K, 9 young (9216K), 9 survivors (9216K)
 Metaspace       used 135142K, capacity 139976K, committed 140108K, reserved 1171456K
  class space    used 16520K, capacity 18282K, committed 18304K, reserved 1048576K
}
Event: 3664.305 GC heap before
{Heap before GC invocations=127 (full 0):
 garbage-first heap   total 315392K, used 132411K [0x0000000080000000, 0x0000000100000000)
  region size 1024K, 15 young (15360K), 9 survivors (9216K)
 Metaspace       used 135145K, capacity 139977K, committed 140108K, reserved 1171456K
  class space    used 16520K, capacity 18282K, committed 18304K, reserved 1048576K
}
Event: 3664.333 GC heap after
{Heap after GC invocations=128 (full 0):
 garbage-first heap   total 315392K, used 127524K [0x0000000080000000, 0x0000000100000000)
  region size 1024K, 2 young (2048K), 2 survivors (2048K)
 Metaspace       used 135145K, capacity 139977K, committed 140108K, reserved 1171456K
  class space    used 16520K, capacity 18282K, committed 18304K, reserved 1048576K
}
Event: 3665.580 GC heap before
{Heap before GC invocations=128 (full 0):
 garbage-first heap   total 315392K, used 202276K [0x0000000080000000, 0x0000000100000000)
  region size 1024K, 77 young (78848K), 2 survivors (2048K)
 Metaspace       used 135261K, capacity 140081K, committed 140108K, reserved 1171456K
  class space    used 16526K, capacity 18292K, committed 18304K, reserved 1048576K
}
Event: 3665.591 GC heap after
{Heap after GC invocations=129 (full 0):
 garbage-first heap   total 315392K, used 133199K [0x0000000080000000, 0x0000000100000000)
  region size 1024K, 8 young (8192K), 8 survivors (8192K)
 Metaspace       used 135261K, capacity 140081K, committed 140108K, reserved 1171456K
  class space    used 16526K, capacity 18292K, committed 18304K, reserved 1048576K
}
Event: 4034.661 GC heap before
{Heap before GC invocations=130 (full 0):
 garbage-first heap   total 315392K, used 262223K [0x0000000080000000, 0x0000000100000000)
  region size 1024K, 110 young (112640K), 8 survivors (8192K)
 Metaspace       used 135390K, capacity 140279K, committed 140364K, reserved 1171456K
  class space    used 16527K, capacity 18293K, committed 18304K, reserved 1048576K
}
Event: 4034.698 GC heap after
{Heap after GC invocations=131 (full 0):
 garbage-first heap   total 315392K, used 148435K [0x0000000080000000, 0x0000000100000000)
  region size 1024K, 14 young (14336K), 14 survivors (14336K)
 Metaspace       used 135390K, capacity 140279K, committed 140364K, reserved 1171456K
  class space    used 16527K, capacity 18293K, committed 18304K, reserved 1048576K
}
Event: 4034.701 GC heap before
{Heap before GC invocations=131 (full 0):
 garbage-first heap   total 315392K, used 149459K [0x0000000080000000, 0x0000000100000000)
  region size 1024K, 15 young (15360K), 14 survivors (14336K)
 Metaspace       used 135390K, capacity 140279K, committed 140364K, reserved 1171456K
  class space    used 16527K, capacity 18293K, committed 18304K, reserved 1048576K
}
Event: 4034.735 GC heap after
{Heap after GC invocations=132 (full 0):
 garbage-first heap   total 315392K, used 134712K [0x0000000080000000, 0x0000000100000000)
  region size 1024K, 2 young (2048K), 2 survivors (2048K)
 Metaspace       used 135390K, capacity 140279K, committed 140364K, reserved 1171456K
  class space    used 16527K, capacity 18293K, committed 18304K, reserved 1048576K
}
Event: 4034.861 GC heap before
{Heap before GC invocations=132 (full 0):
 garbage-first heap   total 315392K, used 161336K [0x0000000080000000, 0x0000000100000000)
  region size 1024K, 30 young (30720K), 2 survivors (2048K)
 Metaspace       used 135419K, capacity 140345K, committed 140364K, reserved 1171456K
  class space    used 16527K, capacity 18293K, committed 18304K, reserved 1048576K
}
Event: 4034.872 GC heap after
{Heap after GC invocations=133 (full 0):
 garbage-first heap   total 315392K, used 137982K [0x0000000080000000, 0x0000000100000000)
  region size 1024K, 5 young (5120K), 5 survivors (5120K)
 Metaspace       used 135419K, capacity 140345K, committed 140364K, reserved 1171456K
  class space    used 16527K, capacity 18293K, committed 18304K, reserved 1048576K
}
Event: 4035.030 GC heap before
{Heap before GC invocations=133 (full 0):
 garbage-first heap   total 315392K, used 241406K [0x0000000080000000, 0x0000000100000000)
  region size 1024K, 105 young (107520K), 5 survivors (5120K)
 Metaspace       used 135458K, capacity 140351K, committed 140364K, reserved 1171456K
  class space    used 16527K, capacity 18293K, committed 18304K, reserved 1048576K
}
Event: 4035.041 GC heap after
{Heap after GC invocations=134 (full 0):
 garbage-first heap   total 315392K, used 148154K [0x0000000080000000, 0x0000000100000000)
  region size 1024K, 14 young (14336K), 14 survivors (14336K)
 Metaspace       used 135458K, capacity 140351K, committed 140364K, reserved 1171456K
  class space    used 16527K, capacity 18293K, committed 18304K, reserved 1048576K
}
Event: 4104.430 GC heap before
{Heap before GC invocations=135 (full 0):
 garbage-first heap   total 315392K, used 268986K [0x0000000080000000, 0x0000000100000000)
  region size 1024K, 109 young (111616K), 14 survivors (14336K)
 Metaspace       used 135568K, capacity 140422K, committed 140620K, reserved 1171456K
  class space    used 16528K, capacity 18293K, committed 18304K, reserved 1048576K
}
Event: 4104.458 GC heap after
{Heap after GC invocations=136 (full 0):
 garbage-first heap   total 315392K, used 145703K [0x0000000080000000, 0x0000000100000000)
  region size 1024K, 8 young (8192K), 8 survivors (8192K)
 Metaspace       used 135568K, capacity 140422K, committed 140620K, reserved 1171456K
  class space    used 16528K, capacity 18293K, committed 18304K, reserved 1048576K
}
Event: 4104.522 GC heap before
{Heap before GC invocations=136 (full 0):
 garbage-first heap   total 315392K, used 152871K [0x0000000080000000, 0x0000000100000000)
  region size 1024K, 15 young (15360K), 8 survivors (8192K)
 Metaspace       used 135604K, capacity 140473K, committed 140748K, reserved 1171456K
  class space    used 16534K, capacity 18305K, committed 18432K, reserved 1048576K
}
Event: 4104.563 GC heap after
{Heap after GC invocations=137 (full 0):
 garbage-first heap   total 315392K, used 122424K [0x0000000080000000, 0x0000000100000000)
  region size 1024K, 2 young (2048K), 2 survivors (2048K)
 Metaspace       used 135604K, capacity 140473K, committed 140748K, reserved 1171456K
  class space    used 16534K, capacity 18305K, committed 18432K, reserved 1048576K
}
Event: 4104.702 GC heap before
{Heap before GC invocations=137 (full 0):
 garbage-first heap   total 315392K, used 134712K [0x0000000080000000, 0x0000000100000000)
  region size 1024K, 15 young (15360K), 2 survivors (2048K)
 Metaspace       used 135617K, capacity 140479K, committed 140748K, reserved 1171456K
  class space    used 16535K, capacity 18307K, committed 18432K, reserved 1048576K
}
Event: 4104.716 GC heap after
{Heap after GC invocations=138 (full 0):
 garbage-first heap   total 315392K, used 124160K [0x0000000080000000, 0x0000000100000000)
  region size 1024K, 4 young (4096K), 4 survivors (4096K)
 Metaspace       used 135617K, capacity 140479K, committed 140748K, reserved 1171456K
  class space    used 16535K, capacity 18307K, committed 18432K, reserved 1048576K
}

