# JRE version: OpenJDK Runtime Environment (11.0.11) (build 11.0.11+0-b60-7590822)
# Java VM: OpenJDK 64-Bit Server VM (11.0.11+0-b60-7590822, mixed mode, tiered, compressed oops, g1 gc, linux-amd64)
Heap:
 garbage-first heap   total 315392K, used 185450K [0x0000000080000000, 0x0000000100000000)
  region size 1024K, 33 young (33792K), 6 survivors (6144K)
 Metaspace       used 143705K, capacity 149416K, committed 149504K, reserved 1179648K
  class space    used 17845K, capacity 19926K, committed 19968K, reserved 1048576K
GC Heap History (20 events):
Event: 4297.454 GC heap before
{Heap before GC invocations=116 (full 0):
 garbage-first heap   total 315392K, used 148966K [0x0000000080000000, 0x0000000100000000)
  region size 1024K, 44 young (45056K), 2 survivors (2048K)
 Metaspace       used 130912K, capacity 135814K, committed 136064K, reserved 1167360K
  class space    used 16256K, capacity 18046K, committed 18048K, reserved 1048576K
}
Event: 4297.474 GC heap after
{Heap after GC invocations=117 (full 0):
 garbage-first heap   total 315392K, used 113268K [0x0000000080000000, 0x0000000100000000)
  region size 1024K, 8 young (8192K), 8 survivors (8192K)
 Metaspace       used 130912K, capacity 135814K, committed 136064K, reserved 1167360K
  class space    used 16256K, capacity 18046K, committed 18048K, reserved 1048576K
}
Event: 4644.085 GC heap before
{Heap before GC invocations=118 (full 0):
 garbage-first heap   total 315392K, used 238196K [0x0000000080000000, 0x0000000100000000)
  region size 1024K, 106 young (108544K), 8 survivors (8192K)
 Metaspace       used 131006K, capacity 135955K, committed 136064K, reserved 1167360K
  class space    used 16256K, capacity 18046K, committed 18048K, reserved 1048576K
}
Event: 4644.120 GC heap after
{Heap after GC invocations=119 (full 0):
 garbage-first heap   total 315392K, used 115118K [0x0000000080000000, 0x0000000100000000)
  region size 1024K, 7 young (7168K), 7 survivors (7168K)
 Metaspace       used 131006K, capacity 135955K, committed 136064K, reserved 1167360K
  class space    used 16256K, capacity 18046K, committed 18048K, reserved 1048576K
}
Event: 4896.664 GC heap before
{Heap before GC invocations=119 (full 0):
 garbage-first heap   total 315392K, used 122286K [0x0000000080000000, 0x0000000100000000)
  region size 1024K, 15 young (15360K), 7 survivors (7168K)
 Metaspace       used 131084K, capacity 136088K, committed 136448K, reserved 1167360K
  class space    used 16269K, capacity 18061K, committed 18176K, reserved 1048576K
}
Event: 4896.718 GC heap after
{Heap after GC invocations=120 (full 0):
 garbage-first heap   total 315392K, used 105235K [0x0000000080000000, 0x0000000100000000)
  region size 1024K, 2 young (2048K), 2 survivors (2048K)
 Metaspace       used 131084K, capacity 136088K, committed 136448K, reserved 1167360K
  class space    used 16269K, capacity 18061K, committed 18176K, reserved 1048576K
}
Event: 4896.731 GC heap before
{Heap before GC invocations=120 (full 0):
 garbage-first heap   total 315392K, used 106259K [0x0000000080000000, 0x0000000100000000)
  region size 1024K, 4 young (4096K), 2 survivors (2048K)
 Metaspace       used 131100K, capacity 136103K, committed 136448K, reserved 1167360K
  class space    used 16272K, capacity 18066K, committed 18176K, reserved 1048576K
}
Event: 4896.739 GC heap after
{Heap after GC invocations=121 (full 0):
 garbage-first heap   total 315392K, used 104631K [0x0000000080000000, 0x0000000100000000)
  region size 1024K, 1 young (1024K), 1 survivors (1024K)
 Metaspace       used 131100K, capacity 136103K, committed 136448K, reserved 1167360K
  class space    used 16272K, capacity 18066K, committed 18176K, reserved 1048576K
}
Event: 4897.973 GC heap before
{Heap before GC invocations=122 (full 0):
 garbage-first heap   total 315392K, used 254135K [0x0000000080000000, 0x0000000100000000)
  region size 1024K, 122 young (124928K), 1 survivors (1024K)
 Metaspace       used 136977K, capacity 142370K, committed 142592K, reserved 1173504K
  class space    used 16990K, capacity 18857K, committed 18944K, reserved 1048576K
}
Event: 4897.995 GC heap after
{Heap after GC invocations=123 (full 0):
 garbage-first heap   total 315392K, used 145754K [0x0000000080000000, 0x0000000100000000)
  region size 1024K, 16 young (16384K), 16 survivors (16384K)
 Metaspace       used 136977K, capacity 142370K, committed 142592K, reserved 1173504K
  class space    used 16990K, capacity 18857K, committed 18944K, reserved 1048576K
}
Event: 4898.000 GC heap before
{Heap before GC invocations=123 (full 0):
 garbage-first heap   total 315392K, used 146778K [0x0000000080000000, 0x0000000100000000)
  region size 1024K, 17 young (17408K), 16 survivors (16384K)
 Metaspace       used 137004K, capacity 142370K, committed 142592K, reserved 1173504K
  class space    used 16996K, capacity 18857K, committed 18944K, reserved 1048576K
}
Event: 4898.022 GC heap after
{Heap after GC invocations=124 (full 0):
 garbage-first heap   total 315392K, used 140725K [0x0000000080000000, 0x0000000100000000)
  region size 1024K, 2 young (2048K), 2 survivors (2048K)
 Metaspace       used 137004K, capacity 142370K, committed 142592K, reserved 1173504K
  class space    used 16996K, capacity 18857K, committed 18944K, reserved 1048576K
}
Event: 4898.565 GC heap before
{Heap before GC invocations=124 (full 0):
 garbage-first heap   total 315392K, used 241077K [0x0000000080000000, 0x0000000100000000)
  region size 1024K, 101 young (103424K), 2 survivors (2048K)
 Metaspace       used 140408K, capacity 145964K, committed 146176K, reserved 1175552K
  class space    used 17424K, capacity 19415K, committed 19456K, reserved 1048576K
}
Event: 4898.577 GC heap after
{Heap after GC invocations=125 (full 0):
 garbage-first heap   total 315392K, used 147400K [0x0000000080000000, 0x0000000100000000)
  region size 1024K, 8 young (8192K), 8 survivors (8192K)
 Metaspace       used 140408K, capacity 145964K, committed 146176K, reserved 1175552K
  class space    used 17424K, capacity 19415K, committed 19456K, reserved 1048576K
}
Event: 5806.403 GC heap before
{Heap before GC invocations=126 (full 0):
 garbage-first heap   total 315392K, used 246728K [0x0000000080000000, 0x0000000100000000)
  region size 1024K, 105 young (107520K), 8 survivors (8192K)
 Metaspace       used 143676K, capacity 149415K, committed 149504K, reserved 1179648K
  class space    used 17845K, capacity 19926K, committed 19968K, reserved 1048576K
}
Event: 5806.463 GC heap after
{Heap after GC invocations=127 (full 0):
 garbage-first heap   total 315392K, used 154356K [0x0000000080000000, 0x0000000100000000)
  region size 1024K, 7 young (7168K), 7 survivors (7168K)
 Metaspace       used 143676K, capacity 149415K, committed 149504K, reserved 1179648K
  class space    used 17845K, capacity 19926K, committed 19968K, reserved 1048576K
}
Event: 5806.523 GC heap before
{Heap before GC invocations=127 (full 0):
 garbage-first heap   total 315392K, used 161524K [0x0000000080000000, 0x0000000100000000)
  region size 1024K, 15 young (15360K), 7 survivors (7168K)
 Metaspace       used 143676K, capacity 149415K, committed 149504K, reserved 1179648K
  class space    used 17845K, capacity 19926K, committed 19968K, reserved 1048576K
}
Event: 5806.554 GC heap after
{Heap after GC invocations=128 (full 0):
 garbage-first heap   total 315392K, used 153872K [0x0000000080000000, 0x0000000100000000)
  region size 1024K, 2 young (2048K), 2 survivors (2048K)
 Metaspace       used 143676K, capacity 149415K, committed 149504K, reserved 1179648K
  class space    used 17845K, capacity 19926K, committed 19968K, reserved 1048576K
}
Event: 5806.854 GC heap before
{Heap before GC invocations=128 (full 0):
 garbage-first heap   total 315392K, used 186640K [0x0000000080000000, 0x0000000100000000)
  region size 1024K, 35 young (35840K), 2 survivors (2048K)
 Metaspace       used 143702K, capacity 149416K, committed 149504K, reserved 1179648K
  class space    used 17845K, capacity 19926K, committed 19968K, reserved 1048576K
}
Event: 5806.877 GC heap after
{Heap after GC invocations=129 (full 0):
 garbage-first heap   total 315392K, used 157802K [0x0000000080000000, 0x0000000100000000)
  region size 1024K, 6 young (6144K), 6 survivors (6144K)
 Metaspace       used 143702K, capacity 149416K, committed 149504K, reserved 1179648K
  class space    used 17845K, capacity 19926K, committed 19968K, reserved 1048576K
}

